# JRE version: Java(TM) SE Runtime Environment (8.0_121-b13) (build 1.8.0_121-b13)
# Java VM: Java HotSpot(TM) 64-Bit Server VM (25.121-b13 mixed mode linux-amd64 compressed oops)
Heap:
 PSYoungGen      total 247808K, used 96K [0x00000000ec000000, 0x00000000fb400000, 0x0000000100000000)
  eden space 245760K, 0% used [0x00000000ec000000,0x00000000ec000000,0x00000000fb000000)
  from space 2048K, 4% used [0x00000000fb000000,0x00000000fb018000,0x00000000fb200000)
  to   space 2048K, 0% used [0x00000000fb200000,0x00000000fb200000,0x00000000fb400000)
 ParOldGen       total 40960K, used 872K [0x00000000c4000000, 0x00000000c6800000, 0x00000000ec000000)
  object space 40960K, 2% used [0x00000000c4000000,0x00000000c40da160,0x00000000c6800000)
 Metaspace       used 5178K, capacity 5556K, committed 5760K, reserved 1056768K
  class space    used 557K, capacity 596K, committed 640K, reserved 1048576K
GC Heap History (10 events):
Event: 1.106 GC heap after
Heap after GC invocations=4 (full 0):
 PSYoungGen      total 64000K, used 960K [0x00000000ec000000, 0x00000000f0100000, 0x0000000100000000)
  eden space 61440K, 0% used [0x00000000ec000000,0x00000000ec000000,0x00000000efc00000)
  from space 2560K, 37% used [0x00000000efe80000,0x00000000eff70040,0x00000000f0100000)
  to   space 2560K, 0% used [0x00000000efc00000,0x00000000efc00000,0x00000000efe80000)
 ParOldGen       total 40960K, used 24K [0x00000000c4000000, 0x00000000c6800000, 0x00000000ec000000)
  object space 40960K, 0% used [0x00000000c4000000,0x00000000c4006000,0x00000000c6800000)
 Metaspace       used 4971K, capacity 5492K, committed 5760K, reserved 1056768K
  class space    used 557K, capacity 596K, committed 640K, reserved 1048576K
}
Event: 1.303 GC heap before
{Heap before GC invocations=5 (full 0):
 PSYoungGen      total 64000K, used 62400K [0x00000000ec000000, 0x00000000f0100000, 0x0000000100000000)
  eden space 61440K, 100% used [0x00000000ec000000,0x00000000efc00000,0x00000000efc00000)
  from space 2560K, 37% used [0x00000000efe80000,0x00000000eff70040,0x00000000f0100000)
  to   space 2560K, 0% used [0x00000000efc00000,0x00000000efc00000,0x00000000efe80000)
 ParOldGen       total 40960K, used 24K [0x00000000c4000000, 0x00000000c6800000, 0x00000000ec000000)
  object space 40960K, 0% used [0x00000000c4000000,0x00000000c4006000,0x00000000c6800000)
 Metaspace       used 5065K, capacity 5492K, committed 5760K, reserved 1056768K
  class space    used 557K, capacity 596K, committed 640K, reserved 1048576K
Event: 1.315 GC heap after
Heap after GC invocations=5 (full 0):
 PSYoungGen      total 64000K, used 912K [0x00000000ec000000, 0x00000000f3b00000, 0x0000000100000000)
  eden space 61440K, 0% used [0x00000000ec000000,0x00000000ec000000,0x00000000efc00000)
  from space 2560K, 35% used [0x00000000efc00000,0x00000000efce4050,0x00000000efe80000)
  to   space 1536K, 0% used [0x00000000f3980000,0x00000000f3980000,0x00000000f3b00000)
 ParOldGen       total 40960K, used 32K [0x00000000c4000000, 0x00000000c6800000, 0x00000000ec000000)
  object space 40960K, 0% used [0x00000000c4000000,0x00000000c4008000,0x00000000c6800000)
 Metaspace       used 5065K, capacity 5492K, committed 5760K, reserved 1056768K
  class space    used 557K, capacity 596K, committed 640K, reserved 1048576K
}
Event: 1.465 GC heap before
{Heap before GC invocations=6 (full 0):
 PSYoungGen      total 64000K, used 62352K [0x00000000ec000000, 0x00000000f3b00000, 0x0000000100000000)
  eden space 61440K, 100% used [0x00000000ec000000,0x00000000efc00000,0x00000000efc00000)
  from space 2560K, 35% used [0x00000000efc00000,0x00000000efce4050,0x00000000efe80000)
  to   space 1536K, 0% used [0x00000000f3980000,0x00000000f3980000,0x00000000f3b00000)
 ParOldGen       total 40960K, used 32K [0x00000000c4000000, 0x00000000c6800000, 0x00000000ec000000)
  object space 40960K, 0% used [0x00000000c4000000,0x00000000c4008000,0x00000000c6800000)
 Metaspace       used 5115K, capacity 5556K, committed 5760K, reserved 1056768K
  class space    used 557K, capacity 596K, committed 640K, reserved 1048576K
Event: 1.471 GC heap after
Heap after GC invocations=6 (full 0):
 PSYoungGen      total 124416K, used 912K [0x00000000ec000000, 0x00000000f3b00000, 0x0000000100000000)
  eden space 122880K, 0% used [0x00000000ec000000,0x00000000ec000000,0x00000000f3800000)
  from space 1536K, 59% used [0x00000000f3980000,0x00000000f3a64030,0x00000000f3b00000)
  to   space 1536K, 0% used [0x00000000f3800000,0x00000000f3800000,0x00000000f3980000)
 ParOldGen       total 40960K, used 40K [0x00000000c4000000, 0x00000000c6800000, 0x00000000ec000000)
  object space 40960K, 0% used [0x00000000c4000000,0x00000000c400a000,0x00000000c6800000)
 Metaspace       used 5115K, capacity 5556K, committed 5760K, reserved 1056768K
  class space    used 557K, capacity 596K, committed 640K, reserved 1048576K
}
Event: 1.820 GC heap before
{Heap before GC invocations=7 (full 0):
 PSYoungGen      total 124416K, used 123792K [0x00000000ec000000, 0x00000000f3b00000, 0x0000000100000000)
  eden space 122880K, 100% used [0x00000000ec000000,0x00000000f3800000,0x00000000f3800000)
  from space 1536K, 59% used [0x00000000f3980000,0x00000000f3a64030,0x00000000f3b00000)
  to   space 1536K, 0% used [0x00000000f3800000,0x00000000f3800000,0x00000000f3980000)
 ParOldGen       total 40960K, used 40K [0x00000000c4000000, 0x00000000c6800000, 0x00000000ec000000)
  object space 40960K, 0% used [0x00000000c4000000,0x00000000c400a000,0x00000000c6800000)
 Metaspace       used 5153K, capacity 5556K, committed 5760K, reserved 1056768K
  class space    used 557K, capacity 596K, committed 640K, reserved 1048576K
Event: 1.824 GC heap after
Heap after GC invocations=7 (full 0):
 PSYoungGen      total 124416K, used 64K [0x00000000ec000000, 0x00000000fb400000, 0x0000000100000000)
  eden space 122880K, 0% used [0x00000000ec000000,0x00000000ec000000,0x00000000f3800000)
  from space 1536K, 4% used [0x00000000f3800000,0x00000000f3810000,0x00000000f3980000)
  to   space 2048K, 0% used [0x00000000fb200000,0x00000000fb200000,0x00000000fb400000)
 ParOldGen       total 40960K, used 824K [0x00000000c4000000, 0x00000000c6800000, 0x00000000ec000000)
  object space 40960K, 2% used [0x00000000c4000000,0x00000000c40ce160,0x00000000c6800000)
 Metaspace       used 5153K, capacity 5556K, committed 5760K, reserved 1056768K
  class space    used 557K, capacity 596K, committed 640K, reserved 1048576K
}
Event: 2.064 GC heap before
{Heap before GC invocations=8 (full 0):
 PSYoungGen      total 124416K, used 122944K [0x00000000ec000000, 0x00000000fb400000, 0x0000000100000000)
  eden space 122880K, 100% used [0x00000000ec000000,0x00000000f3800000,0x00000000f3800000)
  from space 1536K, 4% used [0x00000000f3800000,0x00000000f3810000,0x00000000f3980000)
  to   space 2048K, 0% used [0x00000000fb200000,0x00000000fb200000,0x00000000fb400000)
 ParOldGen       total 40960K, used 824K [0x00000000c4000000, 0x00000000c6800000, 0x00000000ec000000)
  object space 40960K, 2% used [0x00000000c4000000,0x00000000c40ce160,0x00000000c6800000)
 Metaspace       used 5167K, capacity 5556K, committed 5760K, reserved 1056768K
  class space    used 557K, capacity 596K, committed 640K, reserved 1048576K
Event: 2.069 GC heap after
Heap after GC invocations=8 (full 0):
 PSYoungGen      total 247808K, used 128K [0x00000000ec000000, 0x00000000fb400000, 0x0000000100000000)
  eden space 245760K, 0% used [0x00000000ec000000,0x00000000ec000000,0x00000000fb000000)
  from space 2048K, 6% used [0x00000000fb200000,0x00000000fb220000,0x00000000fb400000)
  to   space 2048K, 0% used [0x00000000fb000000,0x00000000fb000000,0x00000000fb200000)
 ParOldGen       total 40960K, used 848K [0x00000000c4000000, 0x00000000c6800000, 0x00000000ec000000)
  object space 40960K, 2% used [0x00000000c4000000,0x00000000c40d4160,0x00000000c6800000)
 Metaspace       used 5167K, capacity 5556K, committed 5760K, reserved 1056768K
  class space    used 557K, capacity 596K, committed 640K, reserved 1048576K
}
Event: 2.909 GC heap before
{Heap before GC invocations=9 (full 0):
 PSYoungGen      total 247808K, used 245888K [0x00000000ec000000, 0x00000000fb400000, 0x0000000100000000)
  eden space 245760K, 100% used [0x00000000ec000000,0x00000000fb000000,0x00000000fb000000)
  from space 2048K, 6% used [0x00000000fb200000,0x00000000fb220000,0x00000000fb400000)
  to   space 2048K, 0% used [0x00000000fb000000,0x00000000fb000000,0x00000000fb200000)
 ParOldGen       total 40960K, used 848K [0x00000000c4000000, 0x00000000c6800000, 0x00000000ec000000)
  object space 40960K, 2% used [0x00000000c4000000,0x00000000c40d4160,0x00000000c6800000)
 Metaspace       used 5178K, capacity 5556K, committed 5760K, reserved 1056768K
  class space    used 557K, capacity 596K, committed 640K, reserved 1048576K

